2023-02-18 18:14:59 INFO  MainTest:27 - The player's balance is greater than zero.
2023-02-18 18:23:01 INFO  MainTest:37 - The player's balance is greater than zero.
2023-02-18 18:35:16 INFO  MainTest:37 - The player's balance is greater than zero.
2023-02-18 18:35:17 INFO  MainTest:39 - Table name matches "Bet On Teen Patti"
2023-02-18 18:35:19 INFO  MainTest:41 - The game board is present on the screen
2023-02-18 18:35:26 INFO  MainTest:50 - Table name matches "Parimatch Gravity Blackjack"
2023-02-18 18:37:37 INFO  MainTest:36 - The player's balance is greater than zero.
2023-02-18 18:37:37 INFO  MainTest:38 - Table name matches "Bet On Teen Patti".
2023-02-18 18:37:49 INFO  MainTest:40 - The game board is present on the screen.
2023-02-18 18:37:59 INFO  MainTest:49 - Table name matches "Parimatch Gravity Blackjack".
2023-02-18 18:47:31 INFO  MainTest:36 - The player's balance is greater than zero.
2023-02-18 18:47:31 INFO  MainTest:38 - Table name matches "Bet On Teen Patti".
2023-02-18 18:47:49 INFO  MainTest:40 - The game board is present on the screen.
2023-02-18 18:47:56 INFO  MainTest:49 - Table name matches "Parimatch Gravity Blackjack".
2023-02-19 08:29:21 INFO  MainTest:35 - The player's balance is greater than zero.
2023-02-19 08:29:21 INFO  MainTest:37 - Table name matches "Bet On Teen Patti".
2023-02-19 08:29:22 INFO  MainTest:39 - The game board is present on the screen.
2023-02-19 08:29:28 INFO  MainTest:48 - Table name matches "Parimatch Gravity Blackjack".
2023-02-19 08:52:21 INFO  MainTest:35 - The player's balance is greater than zero.
2023-02-19 08:52:21 INFO  MainTest:37 - The table name matches "Bet On Teen Patti".
2023-02-19 08:52:38 INFO  MainTest:39 - The game board is present on the screen.
2023-02-19 08:55:34 INFO  MainTest:35 - The player's balance is greater than zero.
2023-02-19 08:55:34 INFO  MainTest:37 - The table name matches "Bet On Teen Patti".
2023-02-19 08:55:43 INFO  MainTest:39 - The game board is present on the screen.
2023-02-19 08:57:03 INFO  MainTest:35 - The player's balance is greater than zero.
2023-02-19 08:57:04 INFO  MainTest:37 - The table name matches "Bet On Teen Patti".
2023-02-19 08:57:04 INFO  MainTest:39 - The game board is present on the screen.
2023-02-19 08:57:10 INFO  MainTest:48 - The table name matches "Parimatch Gravity Blackjack".
2023-02-19 08:58:48 INFO  MainTest:35 - The player's balance is greater than zero.
2023-02-19 08:58:48 INFO  MainTest:37 - The table name matches "Bet On Teen Patti".
2023-02-19 08:58:58 INFO  MainTest:39 - The game board is present on the screen.
2023-02-19 08:59:07 INFO  MainTest:48 - The table name matches "Parimatch Gravity Blackjack".
2023-02-19 09:03:07 INFO  MainTest:36 - The player's balance is greater than zero.
2023-02-19 09:03:07 INFO  MainTest:38 - The table name matches "Bet On Teen Patti".
2023-02-19 09:03:07 INFO  MainTest:40 - The game board is present on the screen.
2023-02-19 09:03:13 INFO  MainTest:49 - The table name matches "Parimatch Gravity Blackjack".
2023-02-19 09:09:11 INFO  MainTest:36 - The player's balance is greater than zero.
2023-02-19 09:09:12 INFO  MainTest:38 - The table name matches "Bet On Teen Patti".
2023-02-19 09:09:14 INFO  MainTest:40 - The game board is present on the screen.
2023-02-19 09:09:19 INFO  MainTest:49 - The table name matches "Parimatch Gravity Blackjack".
2023-02-19 10:25:14 INFO  MainTest:40 - The player's balance is greater than zero.
2023-02-19 10:25:15 INFO  MainTest:42 - The table name matches "Bet On Teen Patti".
2023-02-19 10:25:16 INFO  MainTest:44 - The game board is present on the screen.
2023-02-19 10:25:25 INFO  MainTest:53 - The table name matches "Parimatch Gravity Blackjack".
